<?xml version="1.0" encoding="UTF-8"?>
<!-- Generated by org.testng.reporters.JUnitReportReporter -->
<testsuite hostname="DESKTOP-37L4HDO" name="com.cucumber.runner.ScenarioOneTestRunner" tests="1" failures="0" timestamp="22 May 2018 22:39:09 GMT" time="28.819" errors="0">
  <testcase name="run_cukes" time="28.819" classname="com.cucumber.runner.ScenarioOneTestRunner"/>
</testsuite> <!-- com.cucumber.runner.ScenarioOneTestRunner -->
